{"C:\\Users\\dbilokha\\Desktop\\personal\\chatbot\\moviesua\\server\\src\\index.ts": {"path":"C:\\Users\\dbilokha\\Desktop\\personal\\chatbot\\moviesua\\server\\src\\index.ts","statementMap":{"0":{"start":{"line":1,"column":0},"end":{"line":1,"column":35}},"1":{"start":{"line":2,"column":0},"end":{"line":2,"column":33}},"2":{"start":{"line":3,"column":0},"end":{"line":3,"column":42}},"3":{"start":{"line":4,"column":0},"end":{"line":4,"column":53}},"4":{"start":{"line":6,"column":0},"end":{"line":6,"column":16}},"5":{"start":{"line":8,"column":12},"end":{"line":8,"column":21}},"6":{"start":{"line":10,"column":0},"end":{"line":10,"column":42}},"7":{"start":{"line":11,"column":0},"end":{"line":11,"column":27}},"8":{"start":{"line":12,"column":0},"end":{"line":12,"column":49}},"9":{"start":{"line":14,"column":0},"end":{"line":14,"column":34}},"10":{"start":{"line":16,"column":0},"end":{"line":20,"column":3}},"11":{"start":{"line":17,"column":4},"end":{"line":18,"column":41}},"12":{"start":{"line":19,"column":4},"end":{"line":19,"column":42}},"13":{"start":{"line":22,"column":0},"end":{"line":22,"column":21}}},"fnMap":{"0":{"name":"(anonymous_0)","decl":{"start":{"line":16,"column":28},"end":{"line":16,"column":31}},"loc":{"start":{"line":16,"column":33},"end":{"line":20,"column":1}}}},"branchMap":{"0":{"loc":{"start":{"line":10,"column":16},"end":{"line":10,"column":32}},"type":"binary-expr","locations":[{"start":{"line":10,"column":16},"end":{"line":10,"column":32}},{"start":{"line":10,"column":36},"end":{"line":10,"column":40}}]}},"s":{"0":1,"1":1,"2":1,"3":1,"4":1,"5":1,"6":1,"7":1,"8":1,"9":1,"10":1,"11":1,"12":1,"13":1},"f":{"0":1},"b":{"0":[1,1]}}
,"C:\\Users\\dbilokha\\Desktop\\personal\\chatbot\\moviesua\\server\\src\\routes\\base\\base.ts": {"path":"C:\\Users\\dbilokha\\Desktop\\personal\\chatbot\\moviesua\\server\\src\\routes\\base\\base.ts","statementMap":{"0":{"start":{"line":3,"column":10},"end":{"line":3,"column":58}},"1":{"start":{"line":5,"column":11},"end":{"line":10,"column":2}},"2":{"start":{"line":6,"column":4},"end":{"line":9,"column":7}}},"fnMap":{"0":{"name":"(anonymous_0)","decl":{"start":{"line":5,"column":18},"end":{"line":5,"column":19}},"loc":{"start":{"line":5,"column":50},"end":{"line":10,"column":1}}}},"branchMap":{"0":{"loc":{"start":{"line":8,"column":17},"end":{"line":8,"column":28}},"type":"binary-expr","locations":[{"start":{"line":8,"column":17},"end":{"line":8,"column":28}},{"start":{"line":8,"column":32},"end":{"line":8,"column":40}}]}},"s":{"0":1,"1":1,"2":1},"f":{"0":1},"b":{"0":[1,0]}}
}
